Traceback (most recent call last):
  File "c:\Users\JesúsAlbertoNichoRos\AppData\Local\Programs\Python\Python39\lib\site-packages\jupyter_cache\executors\utils.py", line 58, in single_nb_execution
    executenb(
  File "c:\Users\JesúsAlbertoNichoRos\AppData\Local\Programs\Python\Python39\lib\site-packages\nbclient\client.py", line 1314, in execute
    return NotebookClient(nb=nb, resources=resources, km=km, **kwargs).execute()
  File "C:\Users\JesúsAlbertoNichoRos\AppData\Roaming\Python\Python39\site-packages\jupyter_core\utils\__init__.py", line 165, in wrapped
    return loop.run_until_complete(inner)
  File "c:\Users\JesúsAlbertoNichoRos\AppData\Local\Programs\Python\Python39\lib\asyncio\base_events.py", line 647, in run_until_complete
    return future.result()
  File "c:\Users\JesúsAlbertoNichoRos\AppData\Local\Programs\Python\Python39\lib\site-packages\nbclient\client.py", line 709, in async_execute
    await self.async_execute_cell(
  File "c:\Users\JesúsAlbertoNichoRos\AppData\Local\Programs\Python\Python39\lib\site-packages\nbclient\client.py", line 1062, in async_execute_cell
    await self._check_raise_for_error(cell, cell_index, exec_reply)
  File "c:\Users\JesúsAlbertoNichoRos\AppData\Local\Programs\Python\Python39\lib\site-packages\nbclient\client.py", line 918, in _check_raise_for_error
    raise CellExecutionError.from_cell_and_msg(cell, exec_reply_content)
nbclient.exceptions.CellExecutionError: An error occurred while executing the following cell:
------------------
line_chart = alt.Chart(org_update, height=400, width=550).mark_line(point=True, color='darkblue').encode(
    y=alt.Y('organizations_pc', title='Number of organizations per 100 000 habitants'),
    x=alt.X('year_quarter', title='Quarter')
    color=alt.Color('country', title='Countries'),
    tooltip=['organizations_pc', 'year_quarter', 'country']
).interactive().properties(
    title='Number of Organizations per 100k by country 2020Q1-2024Q1'
)

# Crear el DataFrame con varias líneas de texto
text_data = pd.DataFrame({
    'text': [
        'Number of periods: 17',
        'Number of observations: 51',
        'Number of countries: 3',
        'Source: GitHub Innovation Graph'
    ],
    'y': [20, 35, 50, 65]  # Ajusta estos valores para la posición vertical de cada línea
})

# Crear el texto de la fuente y las estadísticas
source_text = alt.Chart(text_data).mark_text(
    align='left',
    baseline='bottom',
    dx=-680,  # Ajusta este valor para mover el texto a la izquierda o derecha
    fontSize=12,
    color='black'
).encode(
    x=alt.value(650),  # Ajusta este valor para la alineación horizontal
    y=alt.Y('y:Q', axis=None),
    text='text:N'
).properties(
    width=600,
    height=80  # Ajusta el alto para acomodar todas las líneas de texto
)

# Combinar el gráfico principal con el texto de la fuente y las estadísticas
final_chart = alt.vconcat(
    line_chart,
    source_text
).configure_concat(
    spacing=5
).configure_view(
    strokeWidth=0
)

# Mostrar el gráfico final con el texto debajo
final_chart.display()

------------------


[1;36m  Cell [1;32mIn[48], line 4[1;36m[0m
[1;33m    color=alt.Color('country', title='Countries'),[0m
[1;37m    ^[0m
[1;31mSyntaxError[0m[1;31m:[0m invalid syntax


